<?xml version="1.0" encoding="UTF-8"?>
<!-- Generated by org.testng.reporters.JUnitReportReporter -->
<testsuite hostname="DESKTOP-IPEAES0" failures="0" tests="2" name="com.demoTestCases.TestCase1" time="7.668" errors="0" timestamp="2021-11-01T12:42:08 IST" skipped="0">
  <testcase classname="com.demoTestCases.TestCase1" name="sample2" time="4.288"/>
  <system-out/>
  <testcase classname="com.demoTestCases.TestCase1" name="sample" time="3.380"/>
  <system-out/>
</testsuite> <!-- com.demoTestCases.TestCase1 -->
