<?xml version="1.0" encoding="UTF-8"?>
<!-- Generated by org.testng.reporters.JUnitReportReporter -->
<testsuite hostname="DESKTOP-IPEAES0" failures="0" tests="1" name="com.demoTestCases.Demo" time="1.637" errors="0" timestamp="2021-11-01T11:30:04 IST" skipped="0">
  <testcase classname="com.demoTestCases.Demo" name="sample" time="1.637"/>
  <system-out/>
</testsuite> <!-- com.demoTestCases.Demo -->
